Building DAG of jobs...
Using shell: /usr/bin/bash
Provided cores: 1 (use --cores to define parallelism)
Rules claiming more threads will be scaled down.
Job stats:
job           count    min threads    max threads
----------  -------  -------------  -------------
clean_data        1              1              1
total             1              1              1

Select jobs to execute...

[Sat Jul  5 17:31:24 2025]
rule clean_data:
    input: raw/pmids.xml
    output: clean/articles.tsv
    jobid: 0
    reason: Missing output files: clean/articles.tsv
    resources: tmpdir=/tmp

Waiting at most 5 seconds for missing files.
MissingOutputException in line 21 of /home/zch/AHDS_RE/AHDS_RE/Snakefile:
Job Missing files after 5 seconds. This might be due to filesystem latency. If that is the case, consider to increase the wait time with --latency-wait:
clean/articles.tsv completed successfully, but some output files are missing. 0
Shutting down, this might take some time.
Exiting because a job execution failed. Look above for error message
Complete log: .snakemake/log/2025-07-05T173123.847598.snakemake.log
