Building DAG of jobs...
Using shell: /usr/bin/bash
Provided cores: 1 (use --cores to define parallelism)
Rules claiming more threads will be scaled down.
Job stats:
job            count    min threads    max threads
-----------  -------  -------------  -------------
all                1              1              1
clean_title        1              1              1
plot               1              1              1
total              3              1              1

Select jobs to execute...

[Sat Jul  5 17:34:14 2025]
rule clean_title:
    input: clean/articles.tsv
    output: clean/article_clean.tsv
    jobid: 3
    reason: Missing output files: clean/article_clean.tsv
    resources: tmpdir=/tmp

[Sat Jul  5 17:34:17 2025]
Finished job 3.
1 of 3 steps (33%) done
Select jobs to execute...

[Sat Jul  5 17:34:17 2025]
rule plot:
    input: clean/article_clean.tsv
    output: plot/Top_15_Keywords_Trends.png
    jobid: 4
    reason: Missing output files: plot/Top_15_Keywords_Trends.png; Input files updated by another job: clean/article_clean.tsv
    resources: tmpdir=/tmp

[Sat Jul  5 17:34:20 2025]
Finished job 4.
2 of 3 steps (67%) done
Select jobs to execute...

[Sat Jul  5 17:34:20 2025]
localrule all:
    input: raw/pmids.xml, clean/articles.tsv, clean/article_clean.tsv, plot/Top_15_Keywords_Trends.png
    jobid: 0
    reason: Input files updated by another job: plot/Top_15_Keywords_Trends.png, clean/article_clean.tsv
    resources: tmpdir=/tmp

[Sat Jul  5 17:34:20 2025]
Finished job 0.
3 of 3 steps (100%) done
Complete log: .snakemake/log/2025-07-05T173413.882851.snakemake.log
